Using pre-set license
Built from '2020.3/staging' branch; Version is '2020.3.16f1 (049d6eca3c44) revision 302446'; Using compiler version '192528614'; Build Type 'Release'
OS: 'Windows 10 Home; OS build 19043.928; Version 2009; 64bit' Language: 'es' Physical Memory: 8034 MB
BatchMode: 1, IsHumanControllingUs: 0, StartBugReporterOnCrash: 0, Is64bit: 1, IsPro: 0

 COMMAND LINE ARGUMENTS:
C:\Program Files\Unity\Hub\Editor\2020.3.16f1\Editor\Unity.exe
-adb2
-batchMode
-noUpm
-name
AssetImportWorker0
-projectPath
D:/vsc/unity/DERV_U1_Escenarios-main
-logFile
Logs/AssetImportWorker0.log
-srvPort
50251
Successfully changed project path to: D:/vsc/unity/DERV_U1_Escenarios-main
D:/vsc/unity/DERV_U1_Escenarios-main
Using Asset Import Pipeline V2.
Refreshing native plugins compatible for Editor in 189.23 ms, found 2 plugins.
Preloading 0 native plugins for Editor in 0.00 ms.
Initialize engine version: 2020.3.16f1 (049d6eca3c44)
[Subsystems] Discovering subsystems at path C:/Program Files/Unity/Hub/Editor/2020.3.16f1/Editor/Data/Resources/UnitySubsystems
[Subsystems] Discovering subsystems at path D:/vsc/unity/DERV_U1_Escenarios-main/Assets
GfxDevice: creating device client; threaded=0
Direct3D:
    Version:  Direct3D 11.0 [level 11.1]
    Renderer: Intel(R) HD Graphics (ID=0x22b1)
    Vendor:   
    VRAM:     4017 MB
    Driver:   20.19.15.4531
Initialize mono
Mono path[0] = 'C:/Program Files/Unity/Hub/Editor/2020.3.16f1/Editor/Data/Managed'
Mono path[1] = 'C:/Program Files/Unity/Hub/Editor/2020.3.16f1/Editor/Data/MonoBleedingEdge/lib/mono/unityjit'
Mono config path = 'C:/Program Files/Unity/Hub/Editor/2020.3.16f1/Editor/Data/MonoBleedingEdge/etc'
Using monoOptions --debugger-agent=transport=dt_socket,embedding=1,server=y,suspend=n,address=127.0.0.1:56076
Begin MonoManager ReloadAssembly
Registering precompiled unity dll's ...
Register platform support module: C:/Program Files/Unity/Hub/Editor/2020.3.16f1/Editor/Data/PlaybackEngines/WebGLSupport/UnityEditor.WebGL.Extensions.dll
Register platform support module: C:/Program Files/Unity/Hub/Editor/2020.3.16f1/Editor/Data/PlaybackEngines/WindowsStandaloneSupport/UnityEditor.WindowsStandalone.Extensions.dll
Register platform support module: C:/Program Files/Unity/Hub/Editor/2020.3.16f1/Editor/Data/PlaybackEngines/LinuxStandaloneSupport/UnityEditor.LinuxStandalone.Extensions.dll
Registered in 0.013191 seconds.
Native extension for LinuxStandalone target not found
Native extension for WindowsStandalone target not found
Native extension for WebGL target not found
Refreshing native plugins compatible for Editor in 157.77 ms, found 2 plugins.
Preloading 0 native plugins for Editor in 0.00 ms.
Mono: successfully reloaded assembly
- Completed reload, in 15.301 seconds
Domain Reload Profiling:
	ReloadAssembly (15303ms)
		BeginReloadAssembly (355ms)
			ExecutionOrderSort (0ms)
			DisableScriptedObjects (0ms)
			BackupInstance (0ms)
			ReleaseScriptingObjects (0ms)
			CreateAndSetChildDomain (3ms)
		EndReloadAssembly (4117ms)
			LoadAssemblies (349ms)
			RebuildTransferFunctionScriptingTraits (0ms)
			SetupTypeCache (827ms)
			ReleaseScriptCaches (0ms)
			RebuildScriptCaches (162ms)
			SetupLoadedEditorAssemblies (2786ms)
				LogAssemblyErrors (0ms)
				InitializePlatformSupportModulesInManaged (28ms)
				SetLoadedEditorAssemblies (1ms)
				RefreshPlugins (158ms)
				BeforeProcessingInitializeOnLoad (65ms)
				ProcessInitializeOnLoadAttributes (2348ms)
				ProcessInitializeOnLoadMethodAttributes (184ms)
				AfterProcessingInitializeOnLoad (1ms)
				EditorAssembliesLoaded (1ms)
			ExecutionOrderSort2 (0ms)
			AwakeInstancesAfterBackupRestoration (0ms)
Platform modules already initialized, skipping
Registering precompiled user dll's ...
Registered in 0.014414 seconds.
Begin MonoManager ReloadAssembly
Native extension for LinuxStandalone target not found
Native extension for WindowsStandalone target not found
Native extension for WebGL target not found
Refreshing native plugins compatible for Editor in 1.48 ms, found 2 plugins.
Preloading 0 native plugins for Editor in 0.00 ms.
Mono: successfully reloaded assembly
- Completed reload, in  6.959 seconds
Domain Reload Profiling:
	ReloadAssembly (6964ms)
		BeginReloadAssembly (885ms)
			ExecutionOrderSort (0ms)
			DisableScriptedObjects (40ms)
			BackupInstance (0ms)
			ReleaseScriptingObjects (0ms)
			CreateAndSetChildDomain (94ms)
		EndReloadAssembly (5774ms)
			LoadAssemblies (429ms)
			RebuildTransferFunctionScriptingTraits (0ms)
			SetupTypeCache (1872ms)
			ReleaseScriptCaches (1ms)
			RebuildScriptCaches (268ms)
			SetupLoadedEditorAssemblies (2775ms)
				LogAssemblyErrors (0ms)
				InitializePlatformSupportModulesInManaged (29ms)
				SetLoadedEditorAssemblies (2ms)
				RefreshPlugins (2ms)
				BeforeProcessingInitializeOnLoad (423ms)
				ProcessInitializeOnLoadAttributes (2272ms)
				ProcessInitializeOnLoadMethodAttributes (18ms)
				AfterProcessingInitializeOnLoad (28ms)
				EditorAssembliesLoaded (1ms)
			ExecutionOrderSort2 (0ms)
			AwakeInstancesAfterBackupRestoration (27ms)
Platform modules already initialized, skipping
========================================================================
Worker process is ready to serve import requests
Launched and connected shader compiler UnityShaderCompiler.exe after 0.33 seconds
Refreshing native plugins compatible for Editor in 1.71 ms, found 2 plugins.
Preloading 0 native plugins for Editor in 0.00 ms.
Unloading 1434 Unused Serialized files (Serialized files now loaded: 0)
System memory in use before: 70.2 MB.
System memory in use after: 70.2 MB.

Unloading 18 unused Assets to reduce memory usage. Loaded Objects now: 1870.
Total: 11.003300 ms (FindLiveObjects: 0.684700 ms CreateObjectMapping: 0.144400 ms MarkObjects: 9.888500 ms  DeleteObjects: 0.278600 ms)

AssetImportParameters requested are different than current active one (requested -> active):
  custom:framework-win-MediaFoundation: 216162199b28c13a410421893ffa2e32 -> 
  custom:video-decoder-ogg-theora: a1e56fd34408186e4bbccfd4996cb3dc -> 
  custom:container-muxer-webm: aa71ff27fc2769a1b78a27578f13a17b -> 
  custom:container-demuxer-webm: 4f35f7cbe854078d1ac9338744f61a02 -> 
  custom:container-demuxer-ogg: 62fdf1f143b41e24485cea50d1cbac27 -> 
  custom:video-encoder-webm-vp8: eb34c28f22e8b96e1ab97ce403110664 -> 
  custom:video-decoder-webm-vp8: 9c59270c3fd7afecdb556c50c9e8de78 -> 
  custom:audio-decoder-ogg-vorbis: bf7c407c2cedff20999df2af8eb42d56 -> 
  custom:audio-encoder-webm-vorbis: bf7c407c2cedff20999df2af8eb42d56 -> 
========================================================================
Received Import Request.
  path: Assets/Scenes/Menu-Select-Scenes.unity
  artifactKey: Guid(9c0d9c573b4766d4c820743b2b3888e7) Importer(815301076,1909f56bfc062723c751e8b465ee728b)
Start importing Assets/Scenes/Menu-Select-Scenes.unity using Guid(9c0d9c573b4766d4c820743b2b3888e7) Importer(815301076,1909f56bfc062723c751e8b465ee728b)  -> (artifact id: 'c2f6abf2d3db12d505b244d2dda9f71d') in 0.061427 seconds 
  Import took 0.070301 seconds .

========================================================================
Received Import Request.
  Time since last request: 0.000722 seconds.
  path: Assets/Scenes/Scene-1.unity
  artifactKey: Guid(88ef4fb9828661348b834c9632f151d6) Importer(815301076,1909f56bfc062723c751e8b465ee728b)
Start importing Assets/Scenes/Scene-1.unity using Guid(88ef4fb9828661348b834c9632f151d6) Importer(815301076,1909f56bfc062723c751e8b465ee728b)  -> (artifact id: '61e87acf4801d8eb69e48eb4194c3466') in 0.029767 seconds 
  Import took 0.037694 seconds .

========================================================================
Received Import Request.
  Time since last request: 0.000919 seconds.
  path: Assets/Scenes/Scene-2.unity
  artifactKey: Guid(9fc0d4010bbf28b4594072e72b8655ab) Importer(815301076,1909f56bfc062723c751e8b465ee728b)
Start importing Assets/Scenes/Scene-2.unity using Guid(9fc0d4010bbf28b4594072e72b8655ab) Importer(815301076,1909f56bfc062723c751e8b465ee728b)  -> (artifact id: 'fadad38b9167f0e62c6a4053fb1868aa') in 0.041264 seconds 
  Import took 0.050825 seconds .

========================================================================
Received Import Request.
  Time since last request: 8.108610 seconds.
  path: Assets/Scenes/Scene-3.unity
  artifactKey: Guid(437364d80cc2e404b8ab33478c829bfd) Importer(815301076,1909f56bfc062723c751e8b465ee728b)
Start importing Assets/Scenes/Scene-3.unity using Guid(437364d80cc2e404b8ab33478c829bfd) Importer(815301076,1909f56bfc062723c751e8b465ee728b)  -> (artifact id: 'a3078613ab67adb4895e8f0ae978ce75') in 0.055654 seconds 
  Import took 0.069191 seconds .

========================================================================
Received Import Request.
  Time since last request: 7.327958 seconds.
  path: Assets/Scenes/Scene-4.unity
  artifactKey: Guid(c23d4814e1635f94a854b20501050d77) Importer(815301076,1909f56bfc062723c751e8b465ee728b)
Start importing Assets/Scenes/Scene-4.unity using Guid(c23d4814e1635f94a854b20501050d77) Importer(815301076,1909f56bfc062723c751e8b465ee728b)  -> (artifact id: '700e130618c0db8ddd037c22470c2fdb') in 0.052282 seconds 
  Import took 0.062960 seconds .

========================================================================
Received Import Request.
  Time since last request: 8.531381 seconds.
  path: Assets/Scenes/Proyecto
  artifactKey: Guid(35b56a9e5e9fcfa41b837669ebf6233b) Importer(815301076,1909f56bfc062723c751e8b465ee728b)
Start importing Assets/Scenes/Proyecto using Guid(35b56a9e5e9fcfa41b837669ebf6233b) Importer(815301076,1909f56bfc062723c751e8b465ee728b)  -> (artifact id: '2ee477fbb89b0f2364d3ba48a691a1fa') in 0.044534 seconds 
  Import took 0.054607 seconds .

========================================================================
Received Import Request.
  Time since last request: 0.638094 seconds.
  path: Assets/Scenes/Proyecto/Hospital Scene 1.unity
  artifactKey: Guid(650d66c5c9223fb4da3a82098f436413) Importer(815301076,1909f56bfc062723c751e8b465ee728b)
Start importing Assets/Scenes/Proyecto/Hospital Scene 1.unity using Guid(650d66c5c9223fb4da3a82098f436413) Importer(815301076,1909f56bfc062723c751e8b465ee728b)  -> (artifact id: 'e7c0793032893b8645e40d45611b7439') in 0.057616 seconds 
  Import took 0.080864 seconds .

========================================================================
Received Import Request.
  Time since last request: 49.450055 seconds.
  path: Assets/1PRUEBA/Scene
  artifactKey: Guid(1bfe5c49ee363434ab52903d83d9cc54) Importer(815301076,1909f56bfc062723c751e8b465ee728b)
Start importing Assets/1PRUEBA/Scene using Guid(1bfe5c49ee363434ab52903d83d9cc54) Importer(815301076,1909f56bfc062723c751e8b465ee728b)  -> (artifact id: '31bde51db5ddf11512d6b179bf3a7d7e') in 0.044762 seconds 
  Import took 0.060419 seconds .

AssetImportWorkerClient::OnTransportError - code=2 error=End of file
